<?xml version="1.0" encoding="UTF-8"?>
<!-- Generated by org.testng.reporters.JUnitXMLReporter -->
<testsuite hostname="DESKTOP-TTNDD5P" ignored="0" name="Test" tests="1" failures="1" timestamp="27 Jul 2019 05:54:30 GMT" time="0.368" errors="0">
  <testcase name="feature" time="0.102" classname="TestRunner.VerifyLoginLogoutRunner$TestRunner">
    <failure type="cucumber.runtime.CucumberException" message="cucumber.runtime.CucumberException: class StepDefinitions.LoginPage doesn&amp;apos;t have an empty constructor. If you need DI, put cucumber-picocontainer on the classpath">
      <![CDATA[cucumber.runtime.CucumberException: cucumber.runtime.CucumberException: class StepDefinitions.LoginPage doesn't have an empty constructor. If you need DI, put cucumber-picocontainer on the classpath
at cucumber.api.testng.TestNGCucumberRunner.runCucumber(TestNGCucumberRunner.java:69)
at TestRunner.VerifyLoginLogoutRunner$TestRunner.feature(VerifyLoginLogoutRunner.java:35)
Caused by: cucumber.runtime.CucumberException: class StepDefinitions.LoginPage doesn't have an empty constructor. If you need DI, put cucumber-picocontainer on the classpath
at cucumber.runtime.java.DefaultJavaObjectFactory.cacheNewInstance(DefaultJavaObjectFactory.java:45)
at cucumber.runtime.java.DefaultJavaObjectFactory.getInstance(DefaultJavaObjectFactory.java:33)
at cucumber.runtime.java.JavaStepDefinition.execute(JavaStepDefinition.java:38)
at cucumber.runtime.StepDefinitionMatch.runStep(StepDefinitionMatch.java:37)
at cucumber.runtime.Runtime.runStep(Runtime.java:300)
at cucumber.runtime.model.StepContainer.runStep(StepContainer.java:44)
at cucumber.runtime.model.StepContainer.runSteps(StepContainer.java:39)
at cucumber.runtime.model.CucumberScenario.run(CucumberScenario.java:44)
at cucumber.runtime.model.CucumberFeature.run(CucumberFeature.java:165)
at cucumber.api.testng.TestNGCucumberRunner.runCucumber(TestNGCucumberRunner.java:63)
... 26 more
Caused by: java.lang.NoSuchMethodException: StepDefinitions.LoginPage.<init>()
at java.lang.Class.getConstructor0(Unknown Source)
at java.lang.Class.getConstructor(Unknown Source)
at cucumber.runtime.java.DefaultJavaObjectFactory.cacheNewInstance(DefaultJavaObjectFactory.java:40)
... 35 more
... Removed 25 stack frames]]>
    </failure>
  </testcase> <!-- feature -->
</testsuite> <!-- Test -->
