<?xml version="1.0" encoding="UTF-8"?>
<testng-results skipped="0" failed="0" ignored="0" total="1" passed="1">
  <reporter-output>
  </reporter-output>
  <suite name="Default suite" duration-ms="52076" started-at="2020-05-29T16:30:49Z" finished-at="2020-05-29T16:31:41Z">
    <groups>
      <group name="cucumber">
        <method signature="AbstractTestNGCucumberTests.feature(cucumber.api.testng.CucumberFeatureWrapper)[pri:0, instance:TestRunner.VerifyLoginLogoutRunner@29ca901e]" name="feature" class="cucumber.api.testng.AbstractTestNGCucumberTests"/>
      </group> <!-- cucumber -->
    </groups>
    <test name="Default test" duration-ms="52076" started-at="2020-05-29T16:30:49Z" finished-at="2020-05-29T16:31:41Z">
      <class name="TestRunner.VerifyLoginLogoutRunner">
        <test-method status="PASS" signature="setUpClass()[pri:0, instance:TestRunner.VerifyLoginLogoutRunner@29ca901e]" name="setUpClass" is-config="true" duration-ms="190" started-at="2020-05-29T16:30:49Z" finished-at="2020-05-29T16:30:49Z">
          <reporter-output>
          </reporter-output>
        </test-method> <!-- setUpClass -->
        <test-method status="PASS" signature="feature(cucumber.api.testng.CucumberFeatureWrapper)[pri:0, instance:TestRunner.VerifyLoginLogoutRunner@29ca901e]" name="feature" duration-ms="51793" started-at="2020-05-29T16:30:49Z" description="Runs Cucumber Feature" data-provider="features" finished-at="2020-05-29T16:31:41Z">
          <params>
            <param index="0">
              <value>
                <![CDATA[Orange HRM Login validations]]>
              </value>
            </param>
          </params>
          <reporter-output>
          </reporter-output>
        </test-method> <!-- feature -->
        <test-method status="PASS" signature="tearDownClass()[pri:0, instance:TestRunner.VerifyLoginLogoutRunner@29ca901e]" name="tearDownClass" is-config="true" duration-ms="17" started-at="2020-05-29T16:31:41Z" finished-at="2020-05-29T16:31:41Z">
          <reporter-output>
          </reporter-output>
        </test-method> <!-- tearDownClass -->
      </class> <!-- TestRunner.VerifyLoginLogoutRunner -->
    </test> <!-- Default test -->
  </suite> <!-- Default suite -->
</testng-results>
