<?xml version="1.0" encoding="UTF-8"?>
<testng-results skipped="0" failed="0" ignored="0" total="1" passed="1">
  <reporter-output>
  </reporter-output>
  <suite name="Default suite" duration-ms="18559" started-at="2019-07-27T10:40:14Z" finished-at="2019-07-27T10:40:32Z">
    <groups>
      <group name="cucumber">
        <method signature="VerifyLoginLogoutRunner$TestRunner.feature(cucumber.api.testng.CucumberFeatureWrapper)[pri:0, instance:TestRunner.VerifyLoginLogoutRunner$TestRunner@73846619]" name="feature" class="TestRunner.VerifyLoginLogoutRunner$TestRunner"/>
      </group> <!-- cucumber -->
    </groups>
    <test name="Default test" duration-ms="18559" started-at="2019-07-27T10:40:14Z" finished-at="2019-07-27T10:40:32Z">
      <class name="TestRunner.VerifyLoginLogoutRunner$TestRunner">
        <test-method status="PASS" signature="setUpClass()[pri:0, instance:TestRunner.VerifyLoginLogoutRunner$TestRunner@73846619]" name="setUpClass" is-config="true" duration-ms="175" started-at="2019-07-27T10:40:14Z" finished-at="2019-07-27T10:40:14Z">
          <reporter-output>
          </reporter-output>
        </test-method> <!-- setUpClass -->
        <test-method status="PASS" signature="feature(cucumber.api.testng.CucumberFeatureWrapper)[pri:0, instance:TestRunner.VerifyLoginLogoutRunner$TestRunner@73846619]" name="feature" duration-ms="18304" started-at="2019-07-27T10:40:14Z" description="Runs Cucumber Feature" data-provider="features" finished-at="2019-07-27T10:40:32Z">
          <params>
            <param index="0">
              <value>
                <![CDATA[Title of your feature]]>
              </value>
            </param>
          </params>
          <reporter-output>
          </reporter-output>
        </test-method> <!-- feature -->
        <test-method status="PASS" signature="tearDownClass()[pri:0, instance:TestRunner.VerifyLoginLogoutRunner$TestRunner@73846619]" name="tearDownClass" is-config="true" duration-ms="11" started-at="2019-07-27T10:40:32Z" finished-at="2019-07-27T10:40:32Z">
          <reporter-output>
          </reporter-output>
        </test-method> <!-- tearDownClass -->
      </class> <!-- TestRunner.VerifyLoginLogoutRunner$TestRunner -->
    </test> <!-- Default test -->
  </suite> <!-- Default suite -->
</testng-results>
